[3;J[H[2J
Vocabulary size: 16375
Cohort Size: 37632 -- Max Sequence Length: 64

Learning rate: 0.001
Batch size: 64
Kernel size: 5

Training for 10 epochs

Epoch 1 of 10
-- time =  3078.652
-- mean loss: 4.389
Epoch 2 of 10
-- time =  3080.756
-- mean loss: 4.158
Epoch 3 of 10
-- time =  3080.461
-- mean loss: 4.098
Epoch 4 of 10
-- time =  3084.212
-- mean loss: 4.069
Epoch 5 of 10
-- time =  3083.036
-- mean loss: 4.05
Epoch 6 of 10
-- time =  3079.479
-- mean loss: 4.041
Epoch 7 of 10
-- time =  3083.54
-- mean loss: 4.029
Epoch 8 of 10
-- time =  3083.345
-- mean loss: 4.024
Epoch 9 of 10
-- time =  3080.226
-- mean loss: 4.018
Epoch 10 of 10
-- time =  3080.581
-- mean loss: 4.014

Found new best model at epoch 10

Evaluating the model
Accuracy: 0.499 -- Loss: 3.952

Running clustering on the TF-IDF vectors
 -- 2: 0.199
 -- 3: 0.189
 -- 4: 0.185
 -- 5: 0.166
 -- 6: 0.172
 -- 7: 0.174
 -- 8: 0.140
 -- 9: 0.145
No. of clusters: 2 -- Silhouette Score: 0.199

Cluster: 0 -- Entropy: 2.391, Purity: 0.260
Cluster: 1 -- Entropy: 2.394, Purity: 0.260
Cluster: 2 -- Entropy: 2.389, Purity: 0.268
Cluster: 3 -- Entropy: 2.395, Purity: 0.266
Cluster: 4 -- Entropy: 2.407, Purity: 0.255
Cluster: 5 -- Entropy: 2.391, Purity: 0.262
Average Entropy: 2.39
Average Purity: 0.26

Running clustering on the encoded vectors
 -- 2: 0.038
 -- 3: 0.039
 -- 4: 0.021
 -- 5: 0.003
 -- 6: 0.005
No. of clusters: 3 -- Silhouette Score: 0.039

Cluster: 0 -- Entropy: 2.465, Purity: 0.261
Cluster: 1 -- Entropy: 1.821, Purity: 0.583
Cluster: 2 -- Entropy: 0.298, Purity: 0.963
Cluster: 3 -- Entropy: 1.204, Purity: 0.752
Cluster: 4 -- Entropy: 2.389, Purity: 0.262
Cluster: 5 -- Entropy: 0.637, Purity: 0.907
Average Entropy: 1.79
Average Purity: 0.52

Processing time: 34504.4 seconds

Task completed

