[3;J[H[2J
Vocabulary size: 16375
Cohort Size: 37632 -- Max Sequence Length: 64

Learning rate: 0.001
Batch size: 64
Kernel size: 5

Training for 10 epochs

Epoch 1 of 10
-- time =  2025.471
-- mean loss: 5.261
Epoch 2 of 10
-- time =  2026.389
-- mean loss: 4.902
Epoch 3 of 10
-- time =  2026.399
-- mean loss: 4.798
Epoch 4 of 10
-- time =  2028.249
-- mean loss: 4.761
Epoch 5 of 10
-- time =  2026.391
-- mean loss: 4.743
Epoch 6 of 10
-- time =  2026.078
-- mean loss: 4.732
Epoch 7 of 10
-- time =  2025.858
-- mean loss: 4.728
Epoch 8 of 10
-- time =  2026.218
-- mean loss: 4.721
Epoch 9 of 10
-- time =  2026.063
-- mean loss: 4.72
Epoch 10 of 10
-- time =  2025.295
-- mean loss: 4.714

Found new best model at epoch 10

Evaluating the model
Accuracy: 0.459 -- Loss: 4.732

Running clustering on the TF-IDF vectors
 -- 2: 0.207
 -- 3: 0.180
 -- 4: 0.186
 -- 5: 0.162
 -- 6: 0.168
 -- 7: 0.109
 -- 8: 0.115
 -- 9: 0.121
No. of clusters: 2 -- Silhouette Score: 0.207

Cluster: 0 -- Entropy: 2.396, Purity: 0.257
Cluster: 1 -- Entropy: 2.378, Purity: 0.269
Cluster: 2 -- Entropy: 2.393, Purity: 0.258
Cluster: 3 -- Entropy: 2.390, Purity: 0.276
Cluster: 4 -- Entropy: 2.399, Purity: 0.258
Cluster: 5 -- Entropy: 2.392, Purity: 0.273
Average Entropy: 2.39
Average Purity: 0.26

Running clustering on the encoded vectors
 -- 2: 0.286
 -- 3: 0.305
 -- 4: 0.336
 -- 5: 0.341
 -- 6: 0.309
 -- 7: 0.276
 -- 8: 0.228
 -- 9: 0.237
No. of clusters: 5 -- Silhouette Score: 0.341

Cluster: 0 -- Entropy: 2.288, Purity: 0.313
Cluster: 1 -- Entropy: 2.271, Purity: 0.312
Cluster: 2 -- Entropy: 2.220, Purity: 0.335
Cluster: 3 -- Entropy: 2.384, Purity: 0.286
Cluster: 4 -- Entropy: 2.486, Purity: 0.305
Cluster: 5 -- Entropy: 2.300, Purity: 0.290
Average Entropy: 2.33
Average Purity: 0.31

Processing time: 24551.47 seconds

Task completed

