[H[J
Vocabulary size: 24771
Cohort Size: 109468 -- Max Sequence Length: 64

Learning rate: 0.0001
Batch size: 16
Kernel size: 5

No. of GPUs: 1

Training for 10 epochs

Epoch 1 of 10
-- time =  8708.207
-- mean loss: 4.151
Epoch 2 of 10
-- time =  8723.7
-- mean loss: 3.883
Epoch 3 of 10
-- time =  8716.276
-- mean loss: 3.83
Epoch 4 of 10
-- time =  8718.629
-- mean loss: 3.804
Epoch 5 of 10
-- time =  8719.697
-- mean loss: 3.796
Epoch 6 of 10
-- time =  8711.988
-- mean loss: 3.794
Epoch 7 of 10
-- time =  8706.486
-- mean loss: 3.796
Epoch 8 of 10
-- time =  8703.648
-- mean loss: 3.798
Epoch 9 of 10
-- time =  8699.672
-- mean loss: 4.021
Epoch 10 of 10
-- time =  8693.454
-- mean loss: 3.769

Found new best model at epoch 10

Evaluating the model
Accuracy: 0.482 -- Loss: 3.712

Running clustering on the encoded vectors
Cluster: 0 -- Entropy: 1.127, Purity: 0.800
OTH
Cluster: 1 -- Entropy: 0.358, Purity: 0.956
OTH
Cluster: 2 -- Entropy: 1.493, Purity: 0.488
OTH
Cluster: 3 -- Entropy: 2.192, Purity: 0.515
OTH
Cluster: 4 -- Entropy: 1.522, Purity: 0.505
OTH
Cluster: 5 -- Entropy: 1.302, Purity: 0.776
OTH
Cluster: 6 -- Entropy: 0.314, Purity: 0.958
OTH
Average Entropy: 1.30
Average Purity: 0.71

Processing time: 91290.55 seconds

Task completed

