[3;J[H[2J
Vocabulary size: 16375
Cohort Size: 37632 -- Max Sequence Length: 32

Learning rate: 0.001
Batch size: 64
Kernel size: 5

Training for 10 epochs
Epoch 1 of 10
-- time =  1607.599
-- mean loss: 6.362
Epoch 2 of 10
-- time =  1605.677
-- mean loss: 5.855
Epoch 3 of 10
-- time =  1606.939
-- mean loss: 5.701
Epoch 4 of 10
-- time =  1607.184
-- mean loss: 5.627
Epoch 5 of 10
-- time =  1607.62
-- mean loss: 5.585
Epoch 6 of 10
-- time =  1608.643
-- mean loss: 5.552
Epoch 7 of 10
-- time =  1606.446
-- mean loss: 5.521
Epoch 8 of 10
-- time =  1616.896
-- mean loss: 5.504
Epoch 9 of 10
-- time =  1624.995
-- mean loss: 5.495
Epoch 10 of 10
-- time =  1621.388
-- mean loss: 5.487

Found new best model at epoch 10

Evaluating the model
Accuracy: 0.341 -- Loss: 5.483

Running clustering on the TF-IDF vectors
 -- 2: 0.187
 -- 3: 0.188
 -- 4: 0.189
 -- 5: 0.166
 -- 6: 0.171
 -- 7: 0.173
 -- 8: 0.108
 -- 9: 0.114
 -- 10: 0.113
 -- 11: 0.117
 -- 12: 0.119
 -- 13: 0.118
 -- 14: 0.114
 -- 15: 0.120
 -- 16: 0.114
 -- 17: 0.118
 -- 18: 0.123
 -- 19: 0.126
No. of clusters: 4 -- Silhouette Score: 0.189

Running clustering on the encoded vectors
 -- 2: 0.247
 -- 3: 0.223
 -- 4: 0.252
 -- 5: 0.248
 -- 6: 0.258
 -- 7: 0.244
 -- 8: 0.267
 -- 9: 0.290
 -- 10: 0.220
 -- 11: 0.215
 -- 12: 0.213
 -- 13: 0.204
 -- 14: 0.194
 -- 15: 0.192
 -- 16: 0.188
 -- 17: 0.179
 -- 18: 0.174
 -- 19: 0.172
No. of clusters: 9 -- Silhouette Score: 0.290

Processing time: 22147.16 seconds

Task completed

