[H[J
Vocabulary size: 27651
Cohort Size: 37853 -- Max Sequence Length: 32

Learning rate: 0.0001
Batch size: 16
Kernel size: 5

No. of GPUs: 1

Training for 20 epochs

Epoch 1 of 20
-- time =  2009.829
-- mean loss: 6.069
Epoch 2 of 20
-- time =  2010.527
-- mean loss: 5.548
Epoch 3 of 20
-- time =  2010.241
-- mean loss: 5.388
Epoch 4 of 20
-- time =  2010.011
-- mean loss: 5.286
Epoch 5 of 20
-- time =  2012.488
-- mean loss: 5.223
Epoch 6 of 20
-- time =  2013.28
-- mean loss: 5.179
Epoch 7 of 20
-- time =  2012.553
-- mean loss: 5.145
Epoch 8 of 20
-- time =  2014.059
-- mean loss: 5.118
Epoch 9 of 20
-- time =  2012.814
-- mean loss: 5.09
Epoch 10 of 20
-- time =  2013.267
-- mean loss: 5.061
Epoch 11 of 20
-- time =  2014.083
-- mean loss: 5.041
Epoch 12 of 20
-- time =  2013.728
-- mean loss: 5.02
Epoch 13 of 20
-- time =  2010.614
-- mean loss: 5.005
Epoch 14 of 20
-- time =  2009.653
-- mean loss: 4.992
Epoch 15 of 20
-- time =  2008.854
-- mean loss: 4.979
Epoch 16 of 20
-- time =  2016.198
-- mean loss: 4.971
Epoch 17 of 20
-- time =  2012.017
-- mean loss: 4.962
Epoch 18 of 20
-- time =  2009.363
-- mean loss: 4.955
Epoch 19 of 20
-- time =  2011.968
-- mean loss: 4.949
Epoch 20 of 20
-- time =  2010.326
-- mean loss: 4.945

Found new best model at epoch 20

Evaluating the model
Accuracy: 0.229 -- Loss: 4.868

Running clustering on the encoded vectors
Cluster: 0 -- Entropy: 2.376, Purity: 0.259
Cluster: 1 -- Entropy: 1.567, Purity: 0.536
Cluster: 2 -- Entropy: 2.463, Purity: 0.253
Cluster: 3 -- Entropy: 1.290, Purity: 0.692
Cluster: 4 -- Entropy: 0.370, Purity: 0.947
Cluster: 5 -- Entropy: 0.360, Purity: 0.952
Average Entropy: 1.69
Average Purity: 0.51

Processing time: 41914.24 seconds

Task completed

