[H[J
Vocabulary size: 20984
Cohort Size: 37842 -- Max Sequence Length: 64

Learning rate: 0.0001
Batch size: 16
Kernel size: 5

No. of GPUs: 1

Training for 10 epochs

Epoch 1 of 10
-- time =  4053.576
-- mean loss: 5.187
Epoch 2 of 10
-- time =  4058.589
-- mean loss: 4.818
Epoch 3 of 10
-- time =  4057.834
-- mean loss: 4.69
Epoch 4 of 10
-- time =  4059.376
-- mean loss: 4.631
Epoch 5 of 10
-- time =  4057.863
-- mean loss: 4.583
Epoch 6 of 10
-- time =  4054.896
-- mean loss: 4.545
Epoch 7 of 10
-- time =  4047.714
-- mean loss: 4.52
Epoch 8 of 10
-- time =  4045.74
-- mean loss: 4.502
Epoch 9 of 10
-- time =  4040.324
-- mean loss: 4.488
Epoch 10 of 10
-- time =  4044.504
-- mean loss: 4.477

Found new best model at epoch 10

Evaluating the model
Accuracy: 0.336 -- Loss: 4.400

Running clustering on the encoded vectors
Cluster: 0 -- Entropy: 1.115, Purity: 0.716
Cluster: 1 -- Entropy: 2.338, Purity: 0.326
Cluster: 2 -- Entropy: 1.504, Purity: 0.610
Cluster: 3 -- Entropy: 1.000, Purity: 0.819
Cluster: 4 -- Entropy: 0.574, Purity: 0.903
Cluster: 5 -- Entropy: 2.514, Purity: 0.219
Average Entropy: 1.68
Average Purity: 0.54

Processing time: 41911.86 seconds

Task completed

