[3;J[H[2J
Vocabulary size: 16375
Cohort Size: 37632 -- Max Sequence Length: 64

Learning rate: 0.0001
Batch size: 128
Kernel size: 5

No. of GPUs: 1

Training for 15 epochs

Epoch 1 of 15
-- time =  2023.279
-- mean loss: 5.332
Epoch 2 of 15
-- time =  2023.847
-- mean loss: 5.154
Epoch 3 of 15
-- time =  2023.303
-- mean loss: 5.074
Epoch 4 of 15
-- time =  2023.608
-- mean loss: 5.01
Epoch 5 of 15
-- time =  2023.384
-- mean loss: 4.958
Epoch 6 of 15
-- time =  2023.864
-- mean loss: 4.92
Epoch 7 of 15
-- time =  2023.497
-- mean loss: 4.891
Epoch 8 of 15
-- time =  2023.397
-- mean loss: 4.868
Epoch 9 of 15
-- time =  2023.44
-- mean loss: 4.843
Epoch 10 of 15
-- time =  2023.46
-- mean loss: 4.827
Epoch 11 of 15
-- time =  2023.792
-- mean loss: 4.809
Epoch 12 of 15
-- time =  2023.593
-- mean loss: 4.793
Epoch 13 of 15
-- time =  2023.996
-- mean loss: 4.78
Epoch 14 of 15
-- time =  2023.619
-- mean loss: 4.766
Epoch 15 of 15
-- time =  2023.46
-- mean loss: 4.754

Found new best model at epoch 15

Evaluating the model
Accuracy: 0.480 -- Loss: 4.757

Running clustering on the encoded vectors
 -- 2: 0.162
 -- 3: 0.119
 -- 4: 0.125
 -- 5: 0.114
 -- 6: 0.104
 -- 7: 0.108
 -- 8: 0.104
 -- 9: 0.108
No. of clusters: 2 -- Silhouette Score: 0.162

Cluster: 0 -- Entropy: 2.473, Purity: 0.246
Cluster: 1 -- Entropy: 2.380, Purity: 0.287
Cluster: 2 -- Entropy: 1.497, Purity: 0.642
Cluster: 3 -- Entropy: 0.374, Purity: 0.950
Cluster: 4 -- Entropy: 1.873, Purity: 0.463
Cluster: 5 -- Entropy: 2.032, Purity: 0.402
Average Entropy: 1.98
Average Purity: 0.43

Processing time: 32081.51 seconds

Task completed

